Name                                                           Stmts   Miss  Cover   Missing
--------------------------------------------------------------------------------------------
249053812/test/blackbox/random_testing/test_src_evaluator.py    8271   1520    82%   10-11, 15-16, 20-21, 29-30, 38, 45-46, 54, 63, 73-74, 80-81, 89-90, 98-99, 107-108, 116-117, 126-127, 131-132, 140-141, 151-152, 162-163, 169-170, 178, 189-190, 194, 203, 213, 221-222, 231-232, 240-241, 249, 259, 267, 276-277, 283-284, 292, 302, 306-307, 316, 325-326, 330, 335-336, 344-345, 353-354, 360, 369-370, 381, 391, 400, 411-412, 421-422, 442-443, 451-452, 461-462, 472, 476-477, 487-488, 498, 509-510, 517, 527, 537, 543-544, 552-553, 562-563, 573-574, 582-583, 589-590, 598-599, 605-606, 616-617, 623-624, 632, 637-638, 648-649, 657, 666, 676, 687-688, 692-693, 712, 716-717, 726-727, 737-738, 748-749, 770-771, 783-784, 792-793, 801-802, 817-818, 824, 846-847, 906, 917-918, 926-927, 946-947, 955-956, 966-967, 975, 987, 997, 1004-1005, 1013-1014, 1021, 1031-1032, 1039-1040, 1046-1047, 1055-1056, 1060-1061, 1085, 1092-1093, 1104, 1113-1114, 1122-1123, 1133-1134, 1144-1145, 1151-1152, 1159-1160, 1168, 1179-1180, 1190-1191, 1200-1201, 1211-1212, 1223-1224, 1254-1255, 1268-1269, 1285-1286, 1300, 1312, 1324, 1334-1335, 1343-1344, 1354-1355, 1372, 1384-1385, 1395-1396, 1411-1412, 1422-1423, 1433-1434, 1442-1443, 1455-1456, 1464-1465, 1474-1475, 1491-1492, 1503, 1512-1513, 1524, 1533-1534, 1542-1543, 1547-1548, 1554, 1559-1560, 1567, 1579-1580, 1592-1593, 1604-1605, 1613-1614, 1620-1621, 1633-1634, 1645, 1655, 1663-1664, 1678-1679, 1683, 1693, 1703-1704, 1716, 1723-1724, 1732-1733, 1741-1742, 1771-1772, 1780-1781, 1795-1796, 1808-1809, 1819, 1828-1829, 1842-1843, 1853-1854, 1862-1863, 1872, 1893-1894, 1909, 1914, 1926-1927, 1940-1941, 1948-1949, 1961-1962, 1969-1970, 1976-1977, 1987-1988, 2001-2002, 2010, 2023-2024, 2032-2033, 2040, 2048-2049, 2057-2058, 2065-2066, 2072-2073, 2082-2083, 2097-2098, 2111-2112, 2124-2125, 2135-2136, 2144, 2151-2152, 2170, 2179-2180, 2184-2185, 2196-2197, 2209-2210, 2218-2219, 2232-2233, 2241-2242, 2252-2253, 2258-2259, 2271-2272, 2280-2281, 2285-2286, 2299, 2303-2304, 2316-2317, 2331, 2342-2343, 2357, 2364, 2380-2381, 2391-2392, 2411-2412, 2420-2421, 2433, 2444-2445, 2455-2456, 2466-2467, 2477-2478, 2491, 2502, 2515-2516, 2526, 2536, 2549, 2556-2557, 2563-2564, 2574-2575, 2596-2597, 2609-2610, 2632-2633, 2643-2644, 2656, 2662, 2668, 2677, 2684, 2694, 2707-2708, 2712-2713, 2721, 2735, 2749-2750, 2762, 2772-2773, 2783-2784, 2794-2795, 2805-2806, 2816, 2821-2822, 2834-2835, 2841, 2862-2863, 2877-2878, 2887-2888, 2895, 2903, 2912-2913, 2920, 2929-2930, 2940-2941, 2952-2953, 2961-2962, 2968-2969, 2976-2977, 2989-2990, 3003-3004, 3015-3016, 3029, 3040, 3044-3045, 3053-3054, 3058-3059, 3071, 3077, 3084, 3096, 3106-3107, 3117, 3131-3132, 3144-3145, 3158-3159, 3172-3173, 3181-3182, 3187, 3194-3195, 3203-3204, 3217, 3228-3229, 3237-3238, 3245-3246, 3254-3255, 3275-3276, 3284-3285, 3297-3298, 3309-3310, 3318-3319, 3327, 3348-3349, 3360-3361, 3373-3374, 3383-3384, 3396, 3408-3409, 3424-3425, 3435-3436, 3447, 3455-3456, 3469, 3479-3480, 3490-3491, 3502, 3512-3513, 3519-3520, 3530-3531, 3544-3545, 3555-3556, 3562-3563, 3571-3572, 3584-3585, 3593-3594, 3604, 3618-3619, 3631-3632, 3643, 3647, 3658-3659, 3670-3671, 3688-3689, 3698-3699, 3719, 3724-3725, 3738-3739, 3761, 3775-3776, 3789-3790, 3798-3799, 3809-3810, 3824, 3832, 3842-3843, 3853-3854, 3862-3863, 3871-3872, 3878-3879, 3893-3894, 3906, 3919, 3925-3926, 3939, 3948-3949, 3957-3958, 3968, 3980-3981, 3991-3992, 4002-4003, 4010-4011, 4022, 4030, 4041-4042, 4051-4052, 4073-4074, 4087-4088, 4098-4099, 4110-4111, 4116, 4123-4124, 4135-4136, 4143-4144, 4151-4152, 4169, 4183-4184, 4191, 4198-4199, 4207, 4217-4218, 4229, 4241-4242, 4252-4253, 4263-4264, 4277-4278, 4286-4287, 4302, 4306, 4316, 4325-4326, 4339-4340, 4355, 4363-4364, 4372-4373, 4377-4378, 4390-4391, 4399-4400, 4410-4411, 4421-4422, 4426-4427, 4434-4435, 4451, 4458-4459, 4472-4473, 4482-4483, 4491-4492, 4501, 4507-4508, 4518-4519, 4523, 4535-4536, 4548-4549, 4559-4560, 4573-4574, 4581-4582, 4590-4591, 4601, 4617, 4627, 4640, 4647-4648, 4662-4663, 4671-4672, 4686-4687, 4699, 4724-4725, 4729, 4737-4738, 4747-4748, 4760-4761, 4767-4768, 4787-4788, 4798-4799, 4804-4805, 4817-4818, 4824, 4833-4834, 4842, 4857, 4868-4869, 4875, 4884-4885, 4900, 4907-4908, 4921-4922, 4930-4931, 4939-4940, 4944-4945, 4953-4954, 4966-4967, 4975-4976, 4987-4988, 4994-4995, 5007-5008, 5017-5018, 5032-5033, 5053-5054, 5064-5065, 5077-5078, 5085, 5094-5095, 5101-5102, 5112-5113, 5117, 5131-5132, 5142-5143, 5158-5159, 5167-5168, 5175-5176, 5184-5185, 5200-5201, 5205-5206, 5216-5217, 5222-5223, 5229-5230, 5242, 5258-5259, 5271-5272, 5282-5283, 5291-5292, 5300, 5308-5309, 5315, 5324-5325, 5332-5333, 5341, 5352-5353, 5364, 5374-5375, 5387-5388, 5397-5398, 5406-5407, 5419-5420, 5430-5431, 5441-5442, 5451, 5463, 5477, 5482-5483, 5492, 5500, 5506-5507, 5517-5518, 5535, 5545, 5555, 5569, 5577, 5587-5588, 5597, 5611-5612, 5621, 5631, 5638-5639, 5645-5646, 5657, 5669-5670, 5683, 5696-5697, 5709-5710, 5724, 5729-5730, 5738-5739, 5745-5746, 5755-5756, 5761, 5770, 5796, 5804-5805, 5813-5814, 5818-5819, 5829-5830, 5840-5841, 5853, 5862-5863, 5875, 5886-5887, 5899-5900, 5913-5914, 5932-5933, 5946, 5954-5955, 5967, 5977-5978, 5994-5995, 5999-6000, 6008, 6020-6021, 6038, 6049-6050, 6056-6057, 6064, 6072-6073, 6085, 6099-6100, 6106-6107, 6117-6118, 6125, 6137-6138, 6146-6147, 6155-6156, 6162-6163, 6176-6177, 6188-6189, 6207, 6215-6216, 6227, 6236-6237, 6251-6252, 6264-6265, 6274, 6287, 6295, 6310-6311, 6324-6325, 6343-6344, 6353, 6357-6358, 6368-6369, 6373-6374, 6379, 6388-6389, 6393-6394, 6402, 6412-6413, 6435, 6443-6444, 6453-6454, 6466, 6477-6478, 6490-6491, 6504, 6512-6513, 6527-6528, 6537, 6543, 6557, 6572-6573, 6580-6581, 6590, 6598-6599, 6608-6609, 6622-6623, 6634, 6650-6651, 6656-6657, 6672, 6676-6677, 6687-6688, 6699-6700, 6710-6711, 6719-6720, 6733-6734, 6744-6745, 6753-6754, 6768-6769, 6789-6790, 6808, 6819-6820, 6841-6842, 6850, 6856-6857, 6865-6866, 6878-6879, 6890-6891, 6905, 6912-6913, 6925-6926, 6931, 6941-6942, 6950-6951, 6961, 6973-6974, 6987-6988, 6996-6997, 7007-7008, 7020, 7029-7030, 7043-7044, 7052-7053, 7061-7062, 7084, 7094, 7107-7108, 7124, 7137-7138, 7147, 7152-7153, 7163-7164, 7174-7175, 7187, 7197, 7209-7210, 7220-7221, 7226-7227, 7242-7243, 7255-7256, 7265, 7271-7272, 7281, 7292-7293, 7304-7305, 7315, 7342, 7355, 7368-7369, 7383, 7391, 7404, 7415-7416, 7440-7441, 7454-7455, 7466-7467, 7474, 7482-7483, 7492-7493, 7501-7502, 7506-7507, 7515-7516, 7526-7527, 7535-7536, 7564-7565, 7571-7572, 7589-7590, 7612-7613, 7621-7622, 7630-7631, 7640, 7650-7651, 7659-7660, 7668-7669, 7678-7679, 7689-7690, 7694, 7704-7705, 7709-7710, 7720-7721, 7731-7732, 7738, 7748, 7761-7762, 7772-7773, 7783-7784, 7792-7793, 7800-7801, 7811-7812, 7821-7822, 7835, 7843-7844, 7858-7859, 7871-7872, 7882-7883, 7891-7892, 7902-7903, 7910-7911, 7920, 7929, 7937-7938, 7953-7954, 7960-7961, 7973-7974, 7980-7981, 7990-7991, 7998-7999, 8011-8012, 8025-8026, 8037-8038, 8050-8051, 8059-8060, 8070-8071, 8082-8083, 8094, 8103-8104, 8113, 8123-8124, 8134-8135, 8147-8148, 8156-8157, 8163, 8173, 8187-8188, 8199-8200, 8208-8209, 8219-8220, 8233-8234, 8250-8251, 8262-8263, 8276-8277, 8284-8285, 8304-8305, 8317-8318, 8334, 8345-8346, 8353-8354, 8366-8367, 8382-8383, 8394-8395, 8405-8406, 8413-8414, 8430, 8440-8441, 8454-8455, 8471-8472, 8482-8483, 8496-8497, 8510-8511, 8525-8526, 8540, 8550-8551, 8559-8560, 8568, 8577-8578, 8590-8591, 8602, 8613-8614, 8619-8620, 8629-8630, 8644, 8651, 8672-8673, 8681, 8692, 8704, 8717-8718, 8738, 8750-8751, 8760-8761, 8770-8771, 8783, 8789-8790, 8801-8802, 8809-8810, 8821-8822, 8831, 8870-8871, 8885-8886, 8897, 8912-8913, 8929-8930, 8938-8939, 8950, 8958-8959, 8969, 8978-8979, 8987, 8999, 9011-9012, 9022-9023, 9032-9033, 9053-9054, 9064-9065, 9079-9080, 9091-9092, 9102-9103, 9111-9112, 9122-9123, 9137-9138, 9146-9147, 9155-9156, 9167-9168, 9182, 9189, 9201-9202, 9214-9215, 9233-9234, 9238-9239, 9249-9250, 9261-9262, 9276, 9288-9289, 9310, 9325-9326, 9337-9338, 9352-9353, 9359, 9373-9374, 9383-9384, 9390, 9396-9397, 9405-9406, 9411-9412, 9423-9424, 9435-9436, 9448-9449, 9455-9456, 9465-9466, 9478-9479, 9492-9493, 9505-9506, 9516, 9526-9527, 9538-9539, 9555-9556, 9566-9567, 9583, 9598-9599, 9606-9607, 9615-9616, 9622-9623, 9631-9632, 9642-9643, 9656-9657, 9667-9668, 9677-9678, 9689-9690, 9698-9699, 9707-9708, 9720-9721, 9733-9734, 9742-9743, 9752, 9766
src/__init__.py                                                   49     40    18%   21-29, 33-89
src/evaluator.py                                                 338    259    23%   71-72, 76-77, 83, 89-94, 98-102, 106-110, 115, 118, 127, 134, 137-292, 296-303, 307-353, 356-357, 360-361, 364-369, 372-374, 377-380, 383-386, 391, 394-406, 409-417, 420-421, 424-425, 442, 444, 448
src/lexer.py                                                     197    180     9%   8-13, 16-21, 24-26, 29-30, 33-34, 37-51, 54-73, 76-88, 91-173, 176-198, 204-209, 212-240, 243
src/parser.py                                                    350    235    33%   17, 91-92, 97-99, 104, 118-120, 125, 142-146, 151-153, 156, 186-244, 247, 252, 257, 260-263, 266-280, 283-294, 297-300, 303-308, 311-313, 316-323, 326-329, 332-336, 341-359, 362-374, 377, 380, 383-387, 390-392, 395-397, 400-402, 405-407, 410-413, 416-426, 429-431, 434-440, 443-450, 453-466, 469-481, 484-486, 489-491, 494-504, 507-524, 529-535, 538-540
src/tokens.py                                                     48      0   100%
--------------------------------------------------------------------------------------------
TOTAL                                                           9253   2234    76%
