Name                                                           Stmts   Miss  Cover   Missing
--------------------------------------------------------------------------------------------
259045253/test/__init__.py                                         0      0   100%
259045253/test/blackbox/__init__.py                                0      0   100%
259045253/test/blackbox/random_testing/__init__.py                 0      0   100%
259045253/test/blackbox/random_testing/test_src_evaluator.py    6144      0   100%
src/__init__.py                                                   49     40    18%   21-29, 33-89
src/evaluator.py                                                 338    259    23%   71-72, 76-77, 83, 89-94, 98-102, 106-110, 115, 118, 127, 134, 137-293, 297-304, 308-354, 357-358, 361-362, 365-370, 373-375, 378-381, 384-387, 392, 395-407, 410-418, 421-422, 425-426, 443, 445, 449
src/lexer.py                                                     197    180     9%   8-13, 16-21, 24-26, 29-30, 33-34, 37-51, 54-73, 76-88, 91-173, 176-198, 204-209, 212-240, 243
src/parser.py                                                    350    235    33%   17, 91-92, 97-99, 104, 118-120, 125, 142-146, 151-153, 156, 186-244, 247, 252, 257, 260-263, 266-280, 283-294, 297-300, 303-308, 311-313, 316-323, 326-329, 332-336, 341-359, 362-374, 377, 380, 383-387, 390-392, 395-397, 400-402, 405-407, 410-413, 416-426, 429-431, 434-440, 443-450, 453-466, 469-481, 484-486, 489-491, 494-504, 507-524, 529-535, 538-540
src/tokens.py                                                     48      0   100%
--------------------------------------------------------------------------------------------
TOTAL                                                           7126    714    90%
